Found incumbent of value 3117.700000 after 0.00 sec. (1.43 ticks)
Tried aggregator 2 times.
MIP Presolve eliminated 3788 rows and 2931 columns.
MIP Presolve modified 9969 coefficients.
Aggregator did 3 substitutions.
Reduced MIP has 14956 rows, 15398 columns, and 107722 nonzeros.
Reduced MIP has 15398 binaries, 0 generals, 0 SOSs, and 0 indicators.
Presolve time = 0.55 sec. (708.06 ticks)
Probing time = 0.01 sec. (5.93 ticks)
Tried aggregator 1 time.
Reduced MIP has 14956 rows, 15398 columns, and 107722 nonzeros.
Reduced MIP has 15398 binaries, 0 generals, 0 SOSs, and 0 indicators.
Presolve time = 0.12 sec. (140.83 ticks)
Probing time = 0.01 sec. (5.95 ticks)
Clique table members: 47403.
MIP emphasis: balance optimality and feasibility.
MIP search method: dynamic search.
Parallel mode: none, using 1 thread.
Root relaxation solution time = 0.05 sec. (78.50 ticks)

        Nodes                                         Cuts/
   Node  Left     Objective  IInf  Best Integer    Best Bound    ItCnt     Gap

*     0+    0                         3117.7000        0.0000     1235  100.00%
      0     0     1025.7177   108     3117.7000     1025.7177     1235   67.10%
*     0+    0                         1201.3766     1025.7177     1235   14.62%
      0     0     1029.1261   111     1201.3766     Cuts: 135     1573   14.34%
      0     0     1032.6702    80     1201.3766      Cuts: 63     1877   14.04%
      0     0     1032.6702    54     1201.3766      Cuts: 25     1963   14.04%
*     0+    0                         1073.7751     1032.6702     1963    3.83%
*     0+    0                         1050.2766     1032.6702     1963    1.68%
      0     0     1032.6702    61     1050.2766      Cuts: 19     2015    1.68%
*     0+    0                         1042.7766     1032.6702     2015    0.97%
*     0+    0                         1042.3766     1032.6702     2015    0.93%
*     0+    0                         1035.2766     1032.6702     2015    0.25%
      0     0     1032.6702    61     1035.2766       Cuts: 8     2082    0.25%
*     0+    0                         1034.9766     1032.6702     2082    0.22%
      0     2     1032.6702    17     1034.9766     1032.6702     2082    0.22%
Elapsed time = 2.11 sec. (2975.75 ticks, tree = 0.00 MB, solutions = 7)
     20    12     1032.6702    30     1034.9766     1032.6702     2229    0.22%
     45    35     1032.6702    28     1034.9766     1032.6702     2303    0.22%
     80    70     1032.7682    21     1034.9766     1032.6702     2412    0.22%
    117   106     1032.7682    23     1034.9766     1032.6702     2541    0.22%
    149   138     1032.7682    29     1034.9766     1032.6702     2948    0.22%
    180   169     1032.7682    25     1034.9766     1032.6702     3280    0.22%
    209   198     1032.7682    19     1034.9766     1032.6702     3830    0.22%
    233   222     1032.7682    21     1034.9766     1032.6702     4399    0.22%
    260   249     1032.7682    25     1034.9766     1032.6702     5059    0.22%
    360   349     1032.7682    20     1034.9766     1032.6702     8531    0.22%
Elapsed time = 3.91 sec. (6157.87 ticks, tree = 2.90 MB, solutions = 7)
    456   445     1032.7682    24     1034.9766     1032.6702    11226    0.22%
    539   528     1032.6702    41     1034.9766     1032.6702    14547    0.22%
    540   529     1032.9766     8     1034.9766     1032.9766    15723    0.19%
    640   586     1032.9766     8     1034.9766     1032.9766    16000    0.19%
    760   660     1032.9766    12     1034.9766     1032.9766    16751    0.19%
    840   708     1032.9766    15     1034.9766     1032.9766    17716    0.19%
    951   768     1032.9766    17     1034.9766     1032.9766    19874    0.19%
   1081   842     1032.9766    13     1034.9766     1032.9766    21846    0.19%
   1213   903     1033.0171    20     1034.9766     1032.9766    22879    0.19%
   1360   896     1032.9782    24     1034.9766     1032.9766    23109    0.19%
Elapsed time = 10.50 sec. (17766.75 ticks, tree = 16.18 MB, solutions = 12)
   1507   922     1033.7299     6     1034.9766     1032.9766    23334    0.19%
   1697   983     1033.4843    10     1034.9766     1032.9766    23829    0.19%
   1941  1174     1032.9782    10     1034.9766     1032.9766    24271    0.19%
   2269  1484     1032.9782    10     1034.9766     1032.9766    24849    0.19%
   2718  1915     1033.0516    12     1034.9766     1032.9766    25815    0.19%
   3221  2396     1032.9782     8     1034.9766     1032.9766    27255    0.19%
   3710  2869     1033.0516    10     1034.9766     1032.9766    28432    0.19%
   4215  3355     1033.7299     4     1034.9766     1032.9766    29974    0.19%
   4386  3394     1033.1766     4     1034.9766     1032.9766    34428    0.19%
   4578  3417     1033.1766     2     1034.9766     1032.9766    38989    0.19%
Elapsed time = 15.31 sec. (27339.80 ticks, tree = 55.94 MB, solutions = 12)
   4961  3767     1032.9782    12     1034.9766     1032.9766    39904    0.19%
   5493  4291     1033.1766     8     1034.9766     1032.9766    40909    0.19%
   5938  4732     1033.4433     2     1034.9766     1032.9766    41666    0.19%
   6485  5267     1033.3766     4     1034.9766     1032.9766    42446    0.19%
   7043  5813     1033.1766     4     1034.9766     1032.9766    43279    0.19%
   7577  6330     1032.9971     8     1034.9766     1032.9766    44230    0.19%
   8132  6873     1033.2433     2     1034.9766     1032.9766    45162    0.19%
   8682  7411     1033.3766     4     1034.9766     1032.9766    46070    0.19%
   9240  7957     1033.3766     2     1034.9766     1032.9766    46907    0.19%
   9802  8513     1033.0409     8     1034.9766     1032.9766    47721    0.19%
Elapsed time = 20.07 sec. (36902.49 ticks, tree = 139.94 MB, solutions = 12)
  10370  9081     1032.9782    12     1034.9766     1032.9766    48569    0.19%
  10910  9621     1033.3766     4     1034.9766     1032.9766    49333    0.19%
  11300 10011     1033.3766     4     1034.9766     1032.9766    49927    0.19%
  11819 10518     1033.3099     2     1034.9766     1032.9766    50797    0.19%
  12340 11033     1034.1299     6     1034.9766     1032.9766    51508    0.19%
  12836 11528     1033.0420     8     1034.9766     1032.9766    52285    0.19%
  13332 12024     1033.3766     4     1034.9766     1032.9766    53010    0.19%
  13872 12564     1033.3766     2     1034.9766     1032.9766    53794    0.19%
  14400 13092     1033.1099     4     1034.9766     1032.9766    54538    0.19%
  14905 13597     1033.3766     6     1034.9766     1032.9766    55265    0.19%
Elapsed time = 26.37 sec. (48499.42 ticks, tree = 223.35 MB, solutions = 12)
  15418 14105     1033.2433     2     1034.9766     1032.9766    56072    0.19%
  15943 14627     1032.9766     2     1034.9766     1032.9766    56825    0.19%
  16468 15151     1033.1766     4     1034.9766     1032.9766    57739    0.19%
  16969 15652     1032.9782    10     1034.9766     1032.9766    58661    0.19%
  17469 16152     1033.3766     4     1034.9766     1032.9766    59537    0.19%
  18008 16684     1033.0409     8     1034.9766     1032.9766    60395    0.19%
  18525 17201     1033.1766     4     1034.9766     1032.9766    61154    0.19%
  19056 17732     1033.3099     2     1034.9766     1032.9766    61951    0.19%
  19576 18236     1032.9782    12     1034.9766     1032.9766    62847    0.19%
  20157 18817     1032.9782    12     1034.9766     1032.9766    63698    0.19%
Elapsed time = 31.21 sec. (58042.74 ticks, tree = 309.46 MB, solutions = 12)
  20701 19360     1033.3766     4     1034.9766     1032.9766    64522    0.19%
  21296 19955     1033.3766     4     1034.9766     1032.9766    65381    0.19%
  21840 20499     1033.3099     2     1034.9766     1032.9766    66179    0.19%
  22415 21074     1033.1099     2     1034.9766     1032.9766    66989    0.19%
  22980 21639     1032.9782    12     1034.9766     1032.9766    67828    0.19%
  23549 22195     1032.9782    12     1034.9766     1032.9766    68781    0.19%
  24141 22785     1033.3766     4     1034.9766     1032.9766    69599    0.19%
  24716 23359     1033.3766     4     1034.9766     1032.9766    70440    0.19%
  25293 23935     1033.3766     4     1034.9766     1032.9766    71277    0.19%
  25828 24469     1033.0420     8     1034.9766     1032.9766    72052    0.19%
Elapsed time = 36.30 sec. (67698.52 ticks, tree = 402.10 MB, solutions = 12)
  26406 25046     1033.1099     2     1034.9766     1032.9766    72887    0.19%
  26972 25605     1032.9766     6     1034.9766     1032.9766    73736    0.19%
  27428 26061     1033.1766     2     1034.9766     1032.9766    74635    0.19%
  27947 26579     1032.9782     8     1034.9766     1032.9766    75605    0.19%
  28492 27124     1033.1766     6     1034.9766     1032.9766    76633    0.19%
  28963 27594     1032.9782     8     1034.9766     1032.9766    77495    0.19%
  29525 28155     1033.1766     4     1034.9766     1032.9766    78557    0.19%
  30047 28676     1033.3766     2     1034.9766     1032.9766    79717    0.19%
  30608 29236     1033.0409     4     1034.9766     1032.9766    80840    0.19%
  31142 29765     1033.0754     8     1034.9766     1032.9766    81800    0.19%
Elapsed time = 41.33 sec. (77244.83 ticks, tree = 488.93 MB, solutions = 12)
  31640 30263     1033.1766     2     1034.9766     1032.9766    82667    0.19%
  32162 30785     1033.0754    10     1034.9766     1032.9766    83685    0.19%
  32637 31260     1033.1766     2     1034.9766     1032.9766    84557    0.19%
  33215 31838     1033.1766     2     1034.9766     1032.9766    85605    0.19%
  33742 32365     1033.0754    10     1034.9766     1032.9766    86480    0.19%
  34275 32898     1033.1766     4     1034.9766     1032.9766    87407    0.19%
  34691 33295     1032.9782    12     1034.9766     1032.9766    88403    0.19%
  35268 33872     1033.1766     4     1034.9766     1032.9766    89171    0.19%
  35796 34399     1032.9766     4     1034.9766     1032.9766    89858    0.19%
  36338 34940     1033.1766     4     1034.9766     1032.9766    90615    0.19%
Elapsed time = 46.48 sec. (86792.26 ticks, tree = 574.75 MB, solutions = 12)
  36858 35460     1033.1766     4     1034.9766     1032.9766    91378    0.19%
  37338 35938     1033.1766     4     1034.9766     1032.9766    92047    0.19%
  37906 36506     1033.3766     2     1034.9766     1032.9766    92899    0.19%
  38421 37017     1033.1766     4     1034.9766     1032.9766    93796    0.19%
  38934 37528     1033.3766     6     1034.9766     1032.9766    94568    0.19%
  39427 38019     1033.1766     4     1034.9766     1032.9766    95372    0.19%
  39924 38496     1033.3766     4     1034.9766     1032.9766    96082    0.19%
  40393 38961     1033.0420     8     1034.9766     1032.9766    96801    0.19%
  40909 39463     1032.9782    12     1034.9766     1032.9766    97662    0.19%
  42841 41367     1033.0420     8     1034.9766     1032.9766   100686    0.19%
Elapsed time = 53.17 sec. (99209.33 ticks, tree = 680.09 MB, solutions = 12)
  44854 43380     1033.1766     4     1034.9766     1032.9766   103469    0.19%
  46870 45388     1033.1766     4     1034.9766     1032.9766   106366    0.19%
  48859 47358     1033.0420     8     1034.9766     1032.9766   109221    0.19%
  50961 49451     1032.9782    14     1034.9766     1032.9766   112464    0.19%
  52306 50779     1033.2433     4     1034.9766     1032.9766   114572    0.19%
  53855 52320     1033.2433     4     1034.9766     1032.9766   117476    0.19%
  55880 54345     1033.2433     4     1034.9766     1032.9766   120517    0.19%
  57925 56352     1033.1766     4     1034.9766     1032.9766   123889    0.19%
  60110 58496     1033.3766     4     1034.9766     1032.9766   127497    0.19%
  62221 60588     1033.1766     4     1034.9766     1032.9766   130864    0.19%
Elapsed time = 73.48 sec. (137369.79 ticks, tree = 995.41 MB, solutions = 12)
  64378 62738     1033.0754    18     1034.9766     1032.9766   134540    0.19%
  66516 64864     1033.4433     2     1034.9766     1032.9766   138082    0.19%
  68430 66767     1033.6433     4     1034.9766     1032.9766   141859    0.19%
  70284 68621     1033.6433     4     1034.9766     1032.9766   145083    0.19%
  72139 70465     1033.6433     6     1034.9766     1032.9766   148470    0.19%
  74023 72300     1033.3766     2     1034.9766     1032.9766   152200    0.19%
  75960 74180     1033.6407     6     1034.9766     1032.9766   156175    0.19%
  78001 76149     1033.6433     2     1034.9766     1032.9766   160369    0.19%
  80043 78127     1033.1766     4     1034.9766     1032.9766   165631    0.19%
  82095 80132     1033.6433     6     1034.9766     1032.9766   170148    0.19%
Elapsed time = 93.79 sec. (175526.29 ticks, tree = 1318.10 MB, solutions = 12)
  84130 82105     1033.1766     4     1034.9766     1032.9766   175153    0.19%
  86220 84143     1033.2433    12     1034.9766     1032.9766   180035    0.19%
  88262 86142     1033.3766     2     1034.9766     1032.9766   184151    0.19%
  90342 88194     1033.1099     2     1034.9766     1032.9766   188324    0.19%
  92251 90091     1033.4433     2     1034.9766     1032.9766   191797    0.19%
  94258 92050     1033.4433     2     1034.9766     1032.9766   195142    0.19%
  96045 93815     1033.6433     4     1034.9766     1032.9766   198620    0.19%
  97916 95684     1033.6433     2     1034.9766     1032.9766   202016    0.19%
  99949 97681     1033.0754    16     1034.9766     1032.9766   205682    0.19%
 102023 99711     1033.2407     6     1034.9766     1032.9766   209349    0.19%
Elapsed time = 114.08 sec. (213696.22 ticks, tree = 1639.41 MB, solutions = 12)
 104104 101750     1033.2433     2     1034.9766     1032.9766   213352    0.19%
 106205 103849     1033.1766     2     1034.9766     1032.9766   217851    0.19%
 108330 105968     1033.2433     2     1034.9766     1032.9766   221918    0.19%
 110440 108078     1033.1766     6     1034.9766     1032.9766   225606    0.19%
 112523 110149     1033.2754     8     1034.9766     1032.9766   229072    0.19%
 114447 112063     1033.6433     4     1034.9766     1032.9766   232701    0.19%
 116466 114080     1033.6433     4     1034.9766     1032.9766   236481    0.19%
 118563 116173     1032.9782    14     1034.9766     1032.9766   240083    0.19%
 120554 118164     1032.9782    14     1034.9766     1032.9766   243702    0.19%
 122525 120134     1033.8433     2     1034.9766     1032.9766   247189    0.19%
Elapsed time = 134.31 sec. (251858.06 ticks, tree = 1974.81 MB, solutions = 12)
 124590 122195     1032.9971     6     1034.9766     1032.9766   250668    0.19%
 126635 124228     1033.0381     8     1034.9766     1032.9766   254141    0.19%
 128462 126031     1033.1766     4     1034.9766     1032.9766   257070    0.19%
 130395 127950     1032.9971     8     1034.9766     1032.9766   260480    0.19%
 132184 129737     1032.9971    10     1034.9766     1032.9766   263330    0.19%
 133895 131440     1033.8433     4     1034.9766     1032.9766   266588    0.19%
 135630 133168     1033.3099     4     1034.9766     1032.9766   269765    0.19%
 137545 135079     1032.9782    12     1034.9766     1032.9766   272967    0.19%
 139646 137180     1033.0420    12     1034.9766     1032.9766   276173    0.19%
 141630 139152     1033.0420     8     1034.9766     1032.9766   279540    0.19%
Elapsed time = 161.61 sec. (290014.31 ticks, tree = 2286.10 MB, solutions = 12)
Nodefile size = 238.39 MB (150.32 MB after compression)
 143583 141094     1032.9782    14     1034.9766     1032.9766   283206    0.19%
 145490 142998     1033.1766     2     1034.9766     1032.9766   286530    0.19%
 147440 144943     1033.1766     4     1034.9766     1032.9766   290183    0.19%
 149450 146941     1033.1766     4     1034.9766     1032.9766   293504    0.19%
 151365 148856     1033.0754    16     1034.9766     1032.9766   296772    0.19%
 153425 150906     1033.2409     8     1034.9766     1032.9766   300023    0.19%
 155406 152854     1033.1766     2     1034.9766     1032.9766   303565    0.19%
 157305 154652     1033.2420    12     1034.9766     1032.9766   307767    0.19%
 159091 156323     1033.1766     4     1034.9766     1032.9766   311674    0.19%
 160945 158119     1033.1766     4     1034.9766     1032.9766   315829    0.19%
Elapsed time = 191.44 sec. (328174.95 ticks, tree = 2596.14 MB, solutions = 12)
Nodefile size = 548.55 MB (347.07 MB after compression)
 162955 160021     1033.1766     2     1034.9766     1032.9766   320529    0.19%
 164840 161867     1033.2433    12     1034.9766     1032.9766   324815    0.19%
 166718 163658     1033.6433     2     1034.9766     1032.9766   328997    0.19%
 168617 165447     1033.1766     6     1034.9766     1032.9766   332985    0.19%
 170574 167370     1033.2409     8     1034.9766     1032.9766   336763    0.19%
 172473 169214     1033.4433     6     1034.9766     1032.9766   340702    0.19%
 174340 171044     1033.1766     2     1034.9766     1032.9766   344615    0.19%
 176111 172766     1033.1766     4     1034.9766     1032.9766   348884    0.19%
 177949 174551     1033.1766     4     1034.9766     1032.9766   353411    0.19%
 179812 176368     1033.1766     4     1034.9766     1032.9766   357674    0.19%
Elapsed time = 221.04 sec. (366333.10 ticks, tree = 2894.59 MB, solutions = 12)
Nodefile size = 846.67 MB (536.58 MB after compression)
 181714 178206     1033.1766     4     1034.9766     1032.9766   361980    0.19%
 183631 180042     1033.1971     8     1034.9766     1032.9766   366628    0.19%
 184976 181359     1033.1099     4     1034.9766     1032.9766   369798    0.19%
 186647 183007     1033.8433     2     1034.9766     1032.9766   372687    0.19%
 188510 184849     1033.4433     4     1034.9766     1032.9766   376533    0.19%
 190458 186763     1033.0433     2     1034.9766     1032.9766   380737    0.19%
 192369 188659     1032.9782     8     1034.9766     1032.9766   384565    0.19%
 194330 190612     1033.4433     4     1034.9766     1032.9766   388492    0.19%
 196246 192522     1033.0420    12     1034.9766     1032.9766   392171    0.19%
 198238 194499     1033.0433     2     1034.9766     1032.9766   396092    0.19%
Elapsed time = 250.67 sec. (404496.22 ticks, tree = 3191.43 MB, solutions = 12)
Nodefile size = 1143.53 MB (725.23 MB after compression)
 200087 196341     1033.3766     2     1034.9766     1032.9766   399646    0.19%
 202002 198241     1032.9971    18     1034.9766     1032.9766   403489    0.19%
 203770 199988     1032.9971     8     1034.9766     1032.9766   407274    0.19%
 205560 201752     1033.1766     4     1034.9766     1032.9766   411169    0.19%
 207408 203595     1033.1766     4     1034.9766     1032.9766   415112    0.19%
 209324 205502     1033.1766     6     1034.9766     1032.9766   418310    0.19%
 211224 207402     1033.1766     2     1034.9766     1032.9766   421630    0.19%
 213174 209320     1033.1766     4     1034.9766     1032.9766   425699    0.19%
 214835 210957     1033.1766     4     1034.9766     1032.9766   429221    0.19%
 216788 212895     1033.1766     2     1034.9766     1032.9766   432949    0.19%
Elapsed time = 281.72 sec. (442658.38 ticks, tree = 3492.27 MB, solutions = 12)
Nodefile size = 1444.55 MB (916.39 MB after compression)
 218740 214813     1033.1766     2     1034.9766     1032.9766   436908    0.19%
 220604 216629     1033.1766     2     1034.9766     1032.9766   440904    0.19%
 222556 218565     1033.1766     4     1034.9766     1032.9766   444554    0.19%
 224475 220484     1033.3766     4     1034.9766     1032.9766   448398    0.19%
 226366 222318     1034.3299     4     1034.9766     1032.9766   452231    0.19%
 228273 224192     1033.1766     6     1034.9766     1032.9766   455170    0.19%
 230240 226159     1033.2433     2     1034.9766     1032.9766   458152    0.19%
 232190 228109     1033.1766     4     1034.9766     1032.9766   461383    0.19%
 234106 230025     1033.6433     2     1034.9766     1032.9766   464660    0.19%
 236002 231906     1033.1766     4     1034.9766     1032.9766   468025    0.19%
Elapsed time = 313.38 sec. (480840.19 ticks, tree = 3803.50 MB, solutions = 12)
Nodefile size = 1756.08 MB (1114.19 MB after compression)
 237984 233888     1033.0754    26     1034.9766     1032.9766   471469    0.19%
 239903 235798     1033.2433     4     1034.9766     1032.9766   474729    0.19%
 241824 237690     1033.6433     4     1034.9766     1032.9766   478391    0.19%
 243792 239644     1033.4433     2     1034.9766     1032.9766   482300    0.19%
 245555 241392     1033.0754    26     1034.9766     1032.9766   485450    0.19%
 247434 243249     1033.0099     8     1034.9766     1032.9766   488989    0.19%
 249297 245070     1033.1766     6     1034.9766     1032.9766   492257    0.19%
 251156 246872     1033.2754    14     1034.9766     1032.9766   496229    0.19%
 253083 248795     1033.1766     4     1034.9766     1032.9766   499298    0.19%
 254898 250600     1033.2433     4     1034.9766     1032.9766   502591    0.19%
Elapsed time = 344.35 sec. (519000.25 ticks, tree = 4109.43 MB, solutions = 12)
Nodefile size = 2061.89 MB (1308.47 MB after compression)
 256784 252486     1033.0754    14     1034.9766     1032.9766   505565    0.19%
 258758 254448     1033.2754    18     1034.9766     1032.9766   509004    0.19%
 260715 256373     1033.1766     6     1034.9766     1032.9766   512759    0.19%
 262688 258346     1033.1766     4     1034.9766     1032.9766   516382    0.19%
 264591 260179     1033.1766     2     1034.9766     1032.9766   520150    0.19%
 266577 262150     1033.5099     2     1034.9766     1032.9766   523726    0.19%
 268434 263991     1033.1766     2     1034.9766     1032.9766   527368    0.19%
 270394 265912     1033.4433     2     1034.9766     1032.9766   531180    0.19%
 272050 267537     1033.4433     4     1034.9766     1032.9766   534904    0.19%
 273991 269448     1033.2754    16     1034.9766     1032.9766   538382    0.19%
Elapsed time = 375.70 sec. (557156.05 ticks, tree = 4417.78 MB, solutions = 12)
Nodefile size = 2369.85 MB (1504.00 MB after compression)
 275852 271271     1033.1766     6     1034.9766     1032.9766   542449    0.19%
 277775 273163     1033.6433     4     1034.9766     1032.9766   546605    0.19%
 279590 274963     1033.1766     2     1034.9766     1032.9766   550349    0.19%
 281470 276820     1033.4433     4     1034.9766     1032.9766   554479    0.19%
 283414 278717     1033.2433     4     1034.9766     1032.9766   558670    0.19%
 285338 280615     1033.4433     4     1034.9766     1032.9766   562416    0.19%
 287253 282512     1033.2433     6     1034.9766     1032.9766   566227    0.19%
 289230 284463     1033.0754    24     1034.9766     1032.9766   569868    0.19%
 291109 286322     1033.6433     4     1034.9766     1032.9766   573162    0.19%
 293040 288213     1033.4433     4     1034.9766     1032.9766   576977    0.19%
Elapsed time = 407.20 sec. (595358.22 ticks, tree = 4725.08 MB, solutions = 12)
Nodefile size = 2677.58 MB (1699.27 MB after compression)
 294991 290152     1033.1766     6     1034.9766     1032.9766   580405    0.19%
 296927 292088     1033.2754    40     1034.9766     1032.9766   583750    0.19%
 298910 294069     1033.5099     4     1034.9766     1032.9766   587122    0.19%
 300796 295952     1033.2754    38     1034.9766     1032.9766   590807    0.19%
 302762 297884     1033.1766     6     1034.9766     1032.9766   594292    0.19%
 304682 299796     1033.4433     4     1034.9766     1032.9766   597630    0.19%
 306640 301741     1033.6433     4     1034.9766     1032.9766   601144    0.19%
 308547 303631     1033.2433     6     1034.9766     1032.9766   604743    0.19%
 310318 305401     1033.6433     4     1034.9766     1032.9766   608048    0.19%
 312254 307310     1033.6433     2     1034.9766     1032.9766   611536    0.19%
Elapsed time = 438.66 sec. (633606.23 ticks, tree = 5037.82 MB, solutions = 12)
Nodefile size = 2989.88 MB (1897.54 MB after compression)
 313999 309046     1033.3099     4     1034.9766     1032.9766   615133    0.19%
 315787 310834     1033.2433     4     1034.9766     1032.9766   618357    0.19%
 317648 312652     1033.6433     4     1034.9766     1032.9766   621749    0.19%
 319486 314478     1033.2433     4     1034.9766     1032.9766   625071    0.19%
 321364 316344     1033.1766     4     1034.9766     1032.9766   628480    0.19%
 323235 318163     1033.1766     4     1034.9766     1032.9766   632299    0.19%
 325092 320000     1033.4433     2     1034.9766     1032.9766   635499    0.19%
 326955 321803     1033.2754     8     1034.9766     1032.9766   639043    0.19%
 328871 323688     1033.2754    40     1034.9766     1032.9766   642723    0.19%
 330854 325667     1033.2754    14     1034.9766     1032.9766   646125    0.19%
Elapsed time = 469.85 sec. (671771.11 ticks, tree = 5338.56 MB, solutions = 12)
Nodefile size = 3291.08 MB (2088.56 MB after compression)
 332662 327455     1033.3099     4     1034.9766     1032.9766   649666    0.19%
 334437 329135     1033.4433     4     1034.9766     1032.9766   653784    0.19%
 336290 330900     1034.2966     4     1034.9766     1032.9766   657448    0.19%
 338180 332780     1033.1766     6     1034.9766     1032.9766   661087    0.19%
 340048 334623     1033.6433     4     1034.9766     1032.9766   664904    0.19%
 342010 336546     1034.2966     6     1034.9766     1032.9766   668965    0.19%
 343792 338264     1033.4433     6     1034.9766     1032.9766   673271    0.19%
 345696 340140     1033.1766     8     1034.9766     1032.9766   676495    0.19%
 347539 341922     1033.6433     4     1034.9766     1032.9766   679949    0.19%
 349489 343862     1033.2433     2     1034.9766     1032.9766   683322    0.19%
Elapsed time = 500.67 sec. (709930.33 ticks, tree = 5636.52 MB, solutions = 12)
Nodefile size = 3588.52 MB (2277.46 MB after compression)
 351479 345842     1033.1766     4     1034.9766     1032.9766   686862    0.19%
 353420 347773     1033.1766     4     1034.9766     1032.9766   690457    0.19%
 355351 349690     1033.1766     6     1034.9766     1032.9766   693708    0.19%
 357343 351682     1033.1766     4     1034.9766     1032.9766   696889    0.19%
 359269 353608     1033.4433     4     1034.9766     1032.9766   700099    0.19%
 361225 355554     1033.2433     4     1034.9766     1032.9766   703537    0.19%
 363208 357532     1033.4433     2     1034.9766     1032.9766   706799    0.19%
 365109 359427     1033.0754    26     1034.9766     1032.9766   710124    0.19%
 366986 361304     1033.3099     4     1034.9766     1032.9766   713744    0.19%
 368927 363211     1033.4433     4     1034.9766     1032.9766   717693    0.19%
Elapsed time = 531.88 sec. (748087.16 ticks, tree = 5953.52 MB, solutions = 12)
Nodefile size = 3906.18 MB (2479.63 MB after compression)
 370903 365185     1033.2754    40     1034.9766     1032.9766   721006    0.19%
 372845 367123     1033.4433     4     1034.9766     1032.9766   724354    0.19%
 374843 369109     1033.2433     2     1034.9766     1032.9766   727685    0.19%
 376699 370951     1033.4433     2     1034.9766     1032.9766   731289    0.19%
 378574 372748     1033.1766     6     1034.9766     1032.9766   735479    0.19%
 380430 374459     1033.1099     8     1034.9766     1032.9766   740247    0.19%
 382243 376125     1033.4433     4     1034.9766     1032.9766   744826    0.19%
 384096 377887     1033.1766     6     1034.9766     1032.9766   748633    0.19%
 386008 379774     1033.1766     6     1034.9766     1032.9766   751532    0.19%
 387967 381714     1033.1766     4     1034.9766     1032.9766   754493    0.19%
Elapsed time = 562.96 sec. (786241.64 ticks, tree = 6256.55 MB, solutions = 12)
Nodefile size = 4209.47 MB (2672.07 MB after compression)
 389871 383618     1033.2754    10     1034.9766     1032.9766   757744    0.19%
 391686 385427     1033.4433     6     1034.9766     1032.9766   761148    0.19%
 393617 387358     1033.1766     6     1034.9766     1032.9766   764546    0.19%
 395411 389140     1033.3766     6     1034.9766     1032.9766   768277    0.19%
 397253 390957     1033.2754    14     1034.9766     1032.9766   772081    0.19%
 399105 392799     1033.4433     4     1034.9766     1032.9766   776109    0.19%
 400890 394512     1033.4433     4     1034.9766     1032.9766   780019    0.19%
 402790 396412     1033.2754    40     1034.9766     1032.9766   783331    0.19%
 404877 398498     1033.4433     2     1034.9766     1032.9766   786569    0.19%
 406833 400450     1033.2754    42     1034.9766     1032.9766   789882    0.19%
Elapsed time = 594.50 sec. (824402.23 ticks, tree = 6563.56 MB, solutions = 12)
Nodefile size = 4515.81 MB (2866.64 MB after compression)
 408747 402360     1033.1766     6     1034.9766     1032.9766   793162    0.19%
 410655 404256     1033.6433     4     1034.9766     1032.9766   796922    0.19%
 412452 405976     1034.2966    18     1034.9766     1032.9766   801365    0.19%
 414313 407677     1033.2433     2     1034.9766     1032.9766   806056    0.19%
 416161 409401     1033.1099     4     1034.9766     1032.9766   810560    0.19%
 418061 411205     1033.2433     4     1034.9766     1032.9766   814486    0.19%
 419894 413004     1033.6433     5     1034.9766     1032.9766   817818    0.19%
 421840 414906     1033.4433     2     1034.9766     1032.9766   821306    0.19%
 423817 416836     1033.2433     4     1034.9766     1032.9766   824593    0.19%
 425758 418762     1033.2754    22     1034.9766     1032.9766   828325    0.19%
Elapsed time = 625.52 sec. (862566.66 ticks, tree = 6863.72 MB, solutions = 12)
Nodefile size = 4815.98 MB (3056.88 MB after compression)
 427621 420625     1033.2433     4     1034.9766     1032.9766   831221    0.19%
 429565 422564     1033.2754    22     1034.9766     1032.9766   834685    0.19%
 431463 424452     1033.2433     2     1034.9766     1032.9766   838232    0.19%
 433311 426261     1033.6433     2     1034.9766     1032.9766   842601    0.19%
 435160 428103     1033.2433     2     1034.9766     1032.9766   845818    0.19%
 437105 430038     1033.4433     2     1034.9766     1032.9766   849299    0.19%
 439000 431927     1033.2433     4     1034.9766     1032.9766   852663    0.19%
 440942 433848     1033.0754    26     1034.9766     1032.9766   856015    0.19%
 442988 435887     1033.1766     2     1034.9766     1032.9766   859355    0.19%
 444929 437822     1033.4433     4     1034.9766     1032.9766   862568    0.19%
Elapsed time = 656.99 sec. (900720.20 ticks, tree = 7175.83 MB, solutions = 12)
Nodefile size = 5127.99 MB (3255.14 MB after compression)
 446807 439694     1033.3099     4     1034.9766     1032.9766   865830    0.19%
 448792 441669     1033.4433     2     1034.9766     1032.9766   869257    0.19%
 450693 443555     1033.6433     4     1034.9766     1032.9766   872740    0.19%
 452543 445395     1033.1099     4     1034.9766     1032.9766   875983    0.19%
 454437 447262     1033.4433     2     1034.9766     1032.9766   879450    0.19%
 456260 449081     1033.2433     4     1034.9766     1032.9766   882929    0.19%
 458120 450920     1033.2433     6     1034.9766     1032.9766   886108    0.19%
 459911 452700     1033.6433     4     1034.9766     1032.9766   889685    0.19%
 461863 454646     1033.2433     4     1034.9766     1032.9766   893079    0.19%
 463740 456523     1033.6433     5     1034.9766     1032.9766   896218    0.19%
Elapsed time = 688.53 sec. (938882.38 ticks, tree = 7482.28 MB, solutions = 12)
Nodefile size = 5434.77 MB (3449.81 MB after compression)
 465584 458367     1033.0433     2     1034.9766     1032.9766   899588    0.19%
 467476 460257        cutoff           1034.9766     1032.9766   903175    0.19%
 469360 462139     1033.1099     4     1034.9766     1032.9766   906577    0.19%
 471233 464007     1033.2433     4     1034.9766     1032.9766   909948    0.19%
 473062 465831     1033.2433     4     1034.9766     1032.9766   913191    0.19%
 474880 467621     1033.6433     4     1034.9766     1032.9766   916135    0.19%
 476421 469141     1033.1766     4     1034.9766     1032.9766   918935    0.19%
 478199 470919     1033.0754    20     1034.9766     1032.9766   922062    0.19%
 479865 472577     1032.9766     4     1034.9766     1032.9766   925238    0.19%
 481697 474407     1033.1766     4     1034.9766     1032.9766   929290    0.19%
Elapsed time = 719.54 sec. (977038.15 ticks, tree = 7775.19 MB, solutions = 12)
Nodefile size = 5727.65 MB (3635.96 MB after compression)
 483681 476384     1033.1766     4     1034.9766     1032.9766   932549    0.19%
 485637 478339     1032.9766     4     1034.9766     1032.9766   936333    0.19%
 487540 480214     1033.1766     2     1034.9766     1032.9766   939908    0.19%
 489540 482214     1033.1766     4     1034.9766     1032.9766   943185    0.19%
 491514 484182     1033.1766     4     1034.9766     1032.9766   946506    0.19%
 493302 485960     1033.1766     4     1034.9766     1032.9766   949678    0.19%
 495224 487866     1033.1766     2     1034.9766     1032.9766   953385    0.19%
 497188 489760     1033.1766     4     1034.9766     1032.9766   957158    0.19%
 499109 491637     1033.1766     4     1034.9766     1032.9766   960682    0.19%
 501078 493605     1033.1766     4     1034.9766     1032.9766   964354    0.19%
Elapsed time = 751.98 sec. (1015235.56 ticks, tree = 8089.17 MB, solutions = 12)
Nodefile size = 6041.85 MB (3836.23 MB after compression)
 503081 495602     1033.1766     4     1034.9766     1032.9766   967680    0.19%
 505071 497592     1033.1766     4     1034.9766     1032.9766   970979    0.19%
 507088 499606     1033.1766     4     1034.9766     1032.9766   974378    0.19%
 508817 501311     1033.5099     6     1034.9766     1032.9766   977582    0.19%
 510203 502653     1033.6433     4     1034.9766     1032.9766   980182    0.19%
 511791 504204     1033.6433     4     1034.9766     1032.9766   983100    0.19%
 513207 505583     1033.1099     6     1034.9766     1032.9766   985842    0.19%
 514920 507259     1033.2433     6     1034.9766     1032.9766   989018    0.19%
 516855 509167     1033.2433     4     1034.9766     1032.9766   992311    0.19%
 518709 511012     1033.6433     4     1034.9766     1032.9766   995509    0.19%
Elapsed time = 782.54 sec. (1053415.83 ticks, tree = 8374.32 MB, solutions = 12)
Nodefile size = 6327.31 MB (4017.64 MB after compression)
 520503 512762     1033.9299     4     1034.9766     1032.9766   998911    0.19%
 522370 514577     1033.1766     2     1034.9766     1032.9766  1002166    0.19%
 524420 516608     1033.1766     4     1034.9766     1032.9766  1005700    0.19%
 526333 518368     1033.1766     6     1034.9766     1032.9766  1009709    0.19%
 528297 520289     1033.1766     2     1034.9766     1032.9766  1013065    0.19%
 530122 522050     1033.1099     2     1034.9766     1032.9766  1017099    0.19%
 532040 523884     1033.1766     4     1034.9766     1032.9766  1021113    0.19%
 534022 525775     1033.1099     4     1034.9766     1032.9766  1024762    0.19%
 535984 527690     1033.6433     4     1034.9766     1032.9766  1028060    0.19%
 537870 529515     1033.1099     2     1034.9766     1032.9766  1032349    0.19%
Elapsed time = 814.72 sec. (1091578.07 ticks, tree = 8677.23 MB, solutions = 12)
Nodefile size = 6629.24 MB (4209.68 MB after compression)
 539663 531249     1033.9299     6     1034.9766     1032.9766  1035699    0.19%
 541673 533158     1032.9766     4     1034.9766     1032.9766  1039191    0.19%
 543628 534991     1033.1766     4     1034.9766     1032.9766  1043312    0.19%
 545563 536856     1034.0966    22     1034.9766     1032.9766  1047078    0.19%
 547481 538676     1033.6433     2     1034.9766     1032.9766  1050767    0.19%
 549370 540540     1033.6433     8     1034.9766     1032.9766  1054702    0.19%
 551040 542129     1033.0754    12     1034.9766     1032.9766  1059149    0.19%
 553000 544043     1034.6366     8     1034.9766     1032.9766  1063062    0.19%
 554907 545903     1033.1099     2     1034.9766     1032.9766  1067457    0.19%
 556839 547818     1033.1766     4     1034.9766     1032.9766  1070655    0.19%
Elapsed time = 846.45 sec. (1129784.26 ticks, tree = 8976.83 MB, solutions = 12)
Nodefile size = 6929.34 MB (4400.66 MB after compression)
 558902 549877     1033.0754    20     1034.9766     1032.9766  1074123    0.19%
 560585 551473     1033.1099     4     1034.9766     1032.9766  1078889    0.19%
 562517 553348     1033.2754    16     1034.9766     1032.9766  1082314    0.19%
 564375 555134     1033.1766     4     1034.9766     1032.9766  1086506    0.19%
 566261 556948     1033.6433     4     1034.9766     1032.9766  1090173    0.19%
 568144 558783     1033.6433     4     1034.9766     1032.9766  1094023    0.19%
 570028 560641     1033.6433     4     1034.9766     1032.9766  1097034    0.19%
 571970 562523     1033.2754    14     1034.9766     1032.9766  1100437    0.19%
 573742 564166     1033.0754    18     1034.9766     1032.9766  1105130    0.19%
 575634 566032     1033.6433     6     1034.9766     1032.9766  1108181    0.19%
Elapsed time = 877.74 sec. (1167949.03 ticks, tree = 9275.21 MB, solutions = 12)
Nodefile size = 7227.37 MB (4590.38 MB after compression)
 577416 567744     1033.1766     8     1034.9766     1032.9766  1111990    0.19%
 579439 569736     1032.9766     4     1034.9766     1032.9766  1114984    0.19%
 581381 571674     1033.5099     9     1034.9766     1032.9766  1118531    0.19%
 583210 573494     1033.6433     4     1034.9766     1032.9766  1121790    0.19%
 585011 575288     1033.6433     4     1034.9766     1032.9766  1125046    0.19%
 586861 577112     1033.1766     4     1034.9766     1032.9766  1128479    0.19%
 588863 579106     1033.1766     4     1034.9766     1032.9766  1131786    0.19%
 590905 581136     1033.1766     2     1034.9766     1032.9766  1135250    0.19%
 592751 582978     1033.1099     4     1034.9766     1032.9766  1138788    0.19%
 594566 584791     1033.2433     6     1034.9766     1032.9766  1142581    0.19%
Elapsed time = 909.65 sec. (1206120.30 ticks, tree = 9582.39 MB, solutions = 12)
Nodefile size = 7535.21 MB (4786.36 MB after compression)
 596347 586568     1033.1766     4     1034.9766     1032.9766  1146023    0.19%
 598214 588422     1033.1766     2     1034.9766     1032.9766  1149324    0.19%
 600195 590403     1033.0754    18     1034.9766     1032.9766  1152479    0.19%
 602141 592336     1033.1766     4     1034.9766     1032.9766  1155596    0.19%
 604127 594321     1033.0433     2     1034.9766     1032.9766  1159008    0.19%
 606042 596224     1033.1099     6     1034.9766     1032.9766  1162727    0.19%
 607662 597762     1033.1099     2     1034.9766     1032.9766  1166818    0.19%
 609660 599734     1033.2433     4     1034.9766     1032.9766  1169666    0.19%
 611603 601646     1033.1766     4     1034.9766     1032.9766  1172773    0.19%
 613517 603484     1033.1766     4     1034.9766     1032.9766  1175853    0.19%
Elapsed time = 941.82 sec. (1244297.73 ticks, tree = 9888.39 MB, solutions = 12)
Nodefile size = 7841.10 MB (4981.25 MB after compression)
 615563 605520     1033.4754    14     1034.9766     1032.9766  1179416    0.19%
 617302 607234     1033.0754    12     1034.9766     1032.9766  1182719    0.19%
 619025 608901     1033.4433     2     1034.9766     1032.9766  1186721    0.19%
 621018 610853     1033.0754    16     1034.9766     1032.9766  1189351    0.19%
 622962 612796     1033.0754    18     1034.9766     1032.9766  1192425    0.19%
 624920 614750     1033.1766     4     1034.9766     1032.9766  1195678    0.19%
 626733 616542     1033.0754    10     1034.9766     1032.9766  1199003    0.19%
 628580 618320     1033.0754    14     1034.9766     1032.9766  1202148    0.19%
 630458 620193     1033.1766     6     1034.9766     1032.9766  1205404    0.19%
 632448 622152     1033.4433     6     1034.9766     1032.9766  1208991    0.19%
Elapsed time = 973.95 sec. (1282453.49 ticks, tree = 10194.24 MB, solutions = 12)
Nodefile size = 8146.34 MB (5175.08 MB after compression)
 634323 624012     1033.6433     4     1034.9766     1032.9766  1212193    0.19%
 636206 625889     1033.2433     6     1034.9766     1032.9766  1215461    0.19%
 638140 627807     1033.1766     2     1034.9766     1032.9766  1218984    0.19%
 640085 629743     1033.1766     4     1034.9766     1032.9766  1222507    0.19%
 642038 631692     1033.2433     2     1034.9766     1032.9766  1226234    0.19%
 643950 633592     1033.0754    18     1034.9766     1032.9766  1229975    0.19%
 645781 635321     1033.2433     6     1034.9766     1032.9766  1233855    0.19%
 647644 637131     1033.1766     4     1034.9766     1032.9766  1237876    0.19%
 649536 638975     1033.2433     4     1034.9766     1032.9766  1241398    0.19%
 651470 640874     1033.4754    10     1034.9766     1032.9766  1244435    0.19%
Elapsed time = 1006.06 sec. (1320613.35 ticks, tree = 10501.11 MB, solutions = 12)
Nodefile size = 8453.79 MB (5370.49 MB after compression)
 653443 642831     1033.3766     4     1034.9766     1032.9766  1247871    0.19%
 655401 644757     1033.0754    20     1034.9766     1032.9766  1251568    0.19%
 657340 646696     1033.4754    16     1034.9766     1032.9766  1254737    0.19%
 659256 648574     1033.1766     6     1034.9766     1032.9766  1258313    0.19%
 661240 650558     1033.1766     4     1034.9766     1032.9766  1261551    0.19%
 663244 652562     1033.2433     2     1034.9766     1032.9766  1264846    0.19%
 664959 654186     1033.6433     4     1034.9766     1032.9766  1269937    0.19%
 666902 656087     1033.6433     4     1034.9766     1032.9766  1272845    0.19%
 668811 657955     1033.6433     4     1034.9766     1032.9766  1275798    0.19%
 670733 659847     1033.6433     2     1034.9766     1032.9766  1279495    0.19%
Elapsed time = 1038.22 sec. (1358820.58 ticks, tree = 10811.87 MB, solutions = 12)
Nodefile size = 8763.90 MB (5568.32 MB after compression)
 672664 661725     1033.5099     4     1034.9766     1032.9766  1283146    0.19%
 674422 663392     1033.6433     4     1034.9766     1032.9766  1288178    0.19%
 676327 665217     1033.1766     4     1034.9766     1032.9766  1291873    0.19%
 678233 667047     1033.1099     6     1034.9766     1032.9766  1295535    0.19%
 680055 668763     1033.6433     4     1034.9766     1032.9766  1299869    0.19%
 681967 670635     1033.1766     4     1034.9766     1032.9766  1302784    0.19%
 683945 672574     1033.6433     4     1034.9766     1032.9766  1305886    0.19%
 685854 674440     1033.1099     2     1034.9766     1032.9766  1308772    0.19%
 687680 676148        cutoff           1034.9766     1032.9766  1313130    0.19%
 689354 677769     1033.6433     4     1034.9766     1032.9766  1316247    0.19%
Elapsed time = 1069.27 sec. (1396974.54 ticks, tree = 11105.61 MB, solutions = 12)
Nodefile size = 9058.44 MB (5756.09 MB after compression)
 691273 679650     1033.6433     4     1034.9766     1032.9766  1319102    0.19%
 693138 681461     1033.6433     4     1034.9766     1032.9766  1322218    0.19%
 695065 683334     1033.9299     6     1034.9766     1032.9766  1325505    0.19%
 696575 684734     1033.9299    10     1034.9766     1032.9766  1329418    0.19%
 697941 686059     1033.6433     4     1034.9766     1032.9766  1331849    0.19%
 699040 687125     1033.1766     4     1034.9766     1032.9766  1333744    0.19%
 700240 688308     1033.6433     4     1034.9766     1032.9766  1335680    0.19%
 701377 689412     1033.2433     2     1034.9766     1032.9766  1337596    0.19%
 702830 690850     1033.2433     2     1034.9766     1032.9766  1340087    0.19%
 704698 692710     1033.6433     4     1034.9766     1032.9766  1343565    0.19%
Elapsed time = 1100.43 sec. (1435395.23 ticks, tree = 11350.47 MB, solutions = 12)
Nodefile size = 9302.97 MB (5911.93 MB after compression)
 706515 694519     1033.2433     2     1034.9766     1032.9766  1347136    0.19%
 708527 696531     1033.6433     2     1034.9766     1032.9766  1350819    0.19%
 710447 698445     1033.2433     2     1034.9766     1032.9766  1354477    0.19%
 712303 700287     1033.5099     6     1034.9766     1032.9766  1358106    0.19%
 714155 702101     1033.1766     4     1034.9766     1032.9766  1361705    0.19%
 716059 703978     1033.1766     2     1034.9766     1032.9766  1365533    0.19%
 718013 705920     1033.1766     4     1034.9766     1032.9766  1369515    0.19%
 720045 707940     1033.1766     4     1034.9766     1032.9766  1373511    0.19%
 721963 709834     1033.1766     4     1034.9766     1032.9766  1377250    0.19%
 723913 711768     1033.6433     2     1034.9766     1032.9766  1381174    0.19%
Elapsed time = 1133.01 sec. (1473571.78 ticks, tree = 11662.50 MB, solutions = 12)
Nodefile size = 9614.54 MB (6111.43 MB after compression)
 725762 713601     1033.1766     4     1034.9766     1032.9766  1384831    0.19%
 727640 715449     1033.1099     6     1034.9766     1032.9766  1388692    0.19%
 729250 716942     1033.4433     4     1034.9766     1032.9766  1393231    0.19%
 731051 718611     1033.1099     6     1034.9766     1032.9766  1398002    0.19%
 732876 720296     1033.1099     4     1034.9766     1032.9766  1402967    0.19%
 734717 722031     1033.2433     6     1034.9766     1032.9766  1407018    0.19%
 736540 723717     1033.6433     4     1034.9766     1032.9766  1411755    0.19%
 738430 725521     1033.9299     6     1034.9766     1032.9766  1415439    0.19%
 740240 727234     1033.6433     6     1034.9766     1032.9766  1419490    0.19%
 742271 729218     1033.2433     4     1034.9766     1032.9766  1422892    0.19%
Elapsed time = 1164.08 sec. (1511948.17 ticks, tree = 11948.61 MB, solutions = 12)
Nodefile size = 9901.59 MB (6294.16 MB after compression)
 744182 731070     1033.2433     6     1034.9766     1032.9766  1426805    0.19%
 745979 732814     1033.6433     4     1034.9766     1032.9766  1430501    0.19%
 747918 734700     1033.4433     4     1034.9766     1032.9766  1433748    0.19%
 749704 736342     1033.4433     4     1034.9766     1032.9766  1438892    0.19%
 751528 738041     1033.6433     2     1034.9766     1032.9766  1443854    0.19%
 753464 739936     1033.4433     4     1034.9766     1032.9766  1446721    0.19%
 755230 741585     1033.6433     4     1034.9766     1032.9766  1452086    0.19%
 757012 743254     1033.4433     4     1034.9766     1032.9766  1457178    0.19%
 758959 745159     1033.2433     8     1034.9766     1032.9766  1460630    0.19%
 760892 746993     1033.2433     4     1034.9766     1032.9766  1465496    0.19%
Elapsed time = 1195.34 sec. (1550101.94 ticks, tree = 12240.17 MB, solutions = 12)
Nodefile size = 10192.92 MB (6479.35 MB after compression)
 762796 748850     1033.6433     6     1034.9766     1032.9766  1468991    0.19%

GUB cover cuts applied:  3
Clique cuts applied:  1
Cover cuts applied:  63
Flow cuts applied:  3
Mixed integer rounding cuts applied:  15
Zero-half cuts applied:  26
Lift and project cuts applied:  4
Gomory fractional cuts applied:  12

Root node processing (before b&c):
  Real time             =    2.10 sec. (2966.53 ticks)
Sequential b&c:
  Real time             = 1197.93 sec. (1552807.21 ticks)
                          ------------
Total (root+branch&cut) = 1200.03 sec. (1555773.74 ticks)
